<?xml version="1.0" encoding="UTF-8"?>
<Site BuildName="Darwin-c++"
	BuildStamp="20250916-0337-Experimental"
	Name="Hemangs-MacBook-Pro.local"
	Generator="ctest-4.1.0"
	CompilerName="/usr/bin/c++"
	CompilerVersion="17.0.0.17000013"
	OSName="macOS"
	Hostname="Hemangs-MacBook-Pro.local"
	OSRelease="15.6.1"
	OSVersion="24G90"
	OSPlatform="arm64"
	Is64Bits="1"
	VendorString="Apple"
	VendorID="Apple"
	FamilyID="0"
	ModelID="0"
	ModelName="Apple M3 Pro"
	ProcessorCacheSize="131072"
	NumberOfLogicalCPU="11"
	NumberOfPhysicalCPU="11"
	TotalVirtualMemory="2048"
	TotalPhysicalMemory="18432"
	LogicalProcessorsPerPhysical="11"
	ProcessorClockFrequency="0"
	>
	<Testing>
		<StartDateTime>Jan 05 18:30 PST</StartDateTime>
		<StartTestTime>1767666605</StartTestTime>
		<TestList/>
		<EndDateTime>Jan 05 18:30 PST</EndDateTime>
		<EndTestTime>1767666605</EndTestTime>
		<ElapsedMinutes>0</ElapsedMinutes>
	</Testing>
</Site>
